<?xml version="1.0" encoding="UTF-8"?>
<!-- Generated by org.testng.reporters.JUnitXMLReporter -->
<testsuite ignored="0" hostname="DESKTOP-CN9FRSB" failures="2" tests="2" name="SubmitOrderTest" time="0.133" errors="0" timestamp="2024-04-08T21:12:16 BST">
  <testcase classname="deekshaRaiMaven.TestPojects.SubmitOrderTest" name="SubmitOrder" time="0.01">
    <failure type="java.lang.NullPointerException" message="Cannot invoke &amp;quot;deekshaRaiMaven.pageObjects.LandingPage.loginApplication(String, String)&amp;quot; because &amp;quot;this.landingpage&amp;quot; is null">
      <![CDATA[java.lang.NullPointerException: Cannot invoke "deekshaRaiMaven.pageObjects.LandingPage.loginApplication(String, String)" because "this.landingpage" is null
at deekshaRaiMaven.TestPojects.SubmitOrderTest.SubmitOrder(SubmitOrderTest.java:37)
at java.base/java.util.ArrayList.forEach(ArrayList.java:1511)
... Removed 27 stack frames]]>
    </failure>
  </testcase> <!-- SubmitOrder -->
  <testcase classname="deekshaRaiMaven.TestPojects.SubmitOrderTest" name="SubmitOrder" time="0.008">
    <failure type="java.lang.NullPointerException" message="Cannot invoke &amp;quot;deekshaRaiMaven.pageObjects.LandingPage.loginApplication(String, String)&amp;quot; because &amp;quot;this.landingpage&amp;quot; is null">
      <![CDATA[java.lang.NullPointerException: Cannot invoke "deekshaRaiMaven.pageObjects.LandingPage.loginApplication(String, String)" because "this.landingpage" is null
at deekshaRaiMaven.TestPojects.SubmitOrderTest.SubmitOrder(SubmitOrderTest.java:37)
at java.base/java.util.ArrayList.forEach(ArrayList.java:1511)
... Removed 27 stack frames]]>
    </failure>
  </testcase> <!-- SubmitOrder -->
</testsuite> <!-- SubmitOrderTest -->
